<?xml version="1.0" encoding="UTF-8"?>
<!-- Generated by org.testng.reporters.JUnitReportReporter -->
<testsuite hostname="DESKTOP-57DGVKC" failures="0" tests="3" name="day1" time="0.034" errors="0" timestamp="2024-03-24T14:03:25 IST" skipped="0">
  <testcase classname="day1" name="webCarLoan" time="0.004"/>
  <testcase classname="day1" name="apiCarLoan" time="0.018"/>
  <testcase classname="day1" name="mobileCarLoan" time="0.012"/>
</testsuite> <!-- day1 -->
