<?xml version="1.0" encoding="UTF-8"?>
<!-- Generated by org.testng.reporters.JUnitReportReporter -->
<testsuite hostname="DESKTOP-57DGVKC" failures="0" tests="1" name="test.TestNG" time="0.435" errors="0" timestamp="2024-04-09T14:59:14 IST" skipped="0">
  <testcase classname="test.TestNG" name="element" time="0.435"/>
</testsuite> <!-- test.TestNG -->
