<?xml version="1.0" encoding="UTF-8"?>
<!-- Generated by org.testng.reporters.JUnitReportReporter -->
<testsuite hostname="DESKTOP-57DGVKC" failures="0" tests="1" name="test.day2" time="0.006" errors="0" timestamp="2024-03-25T14:02:21 IST" skipped="0">
  <testcase classname="test.day2" name="webHomeLoan" time="0.006"/>
</testsuite> <!-- test.day2 -->
