<?xml version="1.0" encoding="UTF-8"?>
<!-- Generated by org.testng.reporters.JUnitReportReporter -->
<testsuite hostname="DESKTOP-57DGVKC" failures="0" tests="3" name="test.day4" time="0.010" errors="0" timestamp="2024-03-25T14:02:21 IST" skipped="0">
  <testcase classname="test.day4" name="apiPersonalLoan" time="0.003"/>
  <testcase classname="test.day4" name="webPersonalLoan" time="0.002"/>
  <testcase classname="test.day4" name="mobilePersonalLoan" time="0.005"/>
</testsuite> <!-- test.day4 -->
