<?xml version="1.0" encoding="UTF-8"?>
<!-- Generated by org.testng.reporters.JUnitReportReporter -->
<testsuite hostname="DESKTOP-57DGVKC" failures="0" tests="1" name="test.ExcelData" time="14.316" errors="0" timestamp="2024-04-07T11:45:44 IST" skipped="0">
  <testcase classname="test.ExcelData" name="screenshot" time="14.316"/>
</testsuite> <!-- test.ExcelData -->
