<?xml version="1.0" encoding="UTF-8"?>
<!-- Generated by org.testng.reporters.JUnitReportReporter -->
<testsuite hostname="DESKTOP-57DGVKC" failures="0" tests="2" name="test.day3" time="0.010" errors="0" timestamp="2024-03-25T14:02:21 IST" skipped="0">
  <testcase classname="test.day3" name="mobileEducationLoan" time="0.002"/>
  <testcase classname="test.day3" name="webEducationLoan" time="0.008"/>
</testsuite> <!-- test.day3 -->
